2025-08-16T18:58:25.823+02:00  INFO 2056 --- [studio] [restartedMain] com.propydis.studio.StudioApplication    : Starting StudioApplication using Java 21.0.6 with PID 2056 (C:\Users\Flavio\IdeaProjects\studio\build\classes\java\main started by Flavio in C:\Users\Flavio\IdeaProjects\studio)
2025-08-16T18:58:25.827+02:00  INFO 2056 --- [studio] [restartedMain] com.propydis.studio.StudioApplication    : The following 1 profile is active: "prod"
2025-08-16T18:58:25.938+02:00  INFO 2056 --- [studio] [restartedMain] .e.DevToolsPropertyDefaultsPostProcessor : Devtools property defaults active! Set 'spring.devtools.add-properties' to 'false' to disable
2025-08-16T18:58:25.939+02:00  INFO 2056 --- [studio] [restartedMain] .e.DevToolsPropertyDefaultsPostProcessor : For additional web related logging consider setting the 'logging.level.web' property to 'DEBUG'
2025-08-16T18:58:27.096+02:00  INFO 2056 --- [studio] [restartedMain] .s.d.r.c.RepositoryConfigurationDelegate : Multiple Spring Data modules found, entering strict repository configuration mode
2025-08-16T18:58:27.098+02:00  INFO 2056 --- [studio] [restartedMain] .s.d.r.c.RepositoryConfigurationDelegate : Bootstrapping Spring Data JDBC repositories in DEFAULT mode.
2025-08-16T18:58:27.123+02:00  INFO 2056 --- [studio] [restartedMain] .s.d.r.c.RepositoryConfigurationDelegate : Finished Spring Data repository scanning in 15 ms. Found 0 JDBC repository interfaces.
2025-08-16T18:58:27.140+02:00  INFO 2056 --- [studio] [restartedMain] .s.d.r.c.RepositoryConfigurationDelegate : Multiple Spring Data modules found, entering strict repository configuration mode
2025-08-16T18:58:27.141+02:00  INFO 2056 --- [studio] [restartedMain] .s.d.r.c.RepositoryConfigurationDelegate : Bootstrapping Spring Data JPA repositories in DEFAULT mode.
2025-08-16T18:58:27.149+02:00  INFO 2056 --- [studio] [restartedMain] .s.d.r.c.RepositoryConfigurationDelegate : Finished Spring Data repository scanning in 1 ms. Found 0 JPA repository interfaces.
2025-08-16T18:58:27.188+02:00  INFO 2056 --- [studio] [restartedMain] .s.d.r.c.RepositoryConfigurationDelegate : Multiple Spring Data modules found, entering strict repository configuration mode
2025-08-16T18:58:27.189+02:00  INFO 2056 --- [studio] [restartedMain] .s.d.r.c.RepositoryConfigurationDelegate : Bootstrapping Spring Data MongoDB repositories in DEFAULT mode.
2025-08-16T18:58:27.192+02:00  INFO 2056 --- [studio] [restartedMain] .s.d.r.c.RepositoryConfigurationDelegate : Finished Spring Data repository scanning in 1 ms. Found 0 MongoDB repository interfaces.
2025-08-16T18:58:27.970+02:00  INFO 2056 --- [studio] [restartedMain] o.s.b.w.embedded.tomcat.TomcatWebServer  : Tomcat initialized with port 8080 (http)
2025-08-16T18:58:27.990+02:00  INFO 2056 --- [studio] [restartedMain] o.apache.catalina.core.StandardService   : Starting service [Tomcat]
2025-08-16T18:58:27.990+02:00  INFO 2056 --- [studio] [restartedMain] o.apache.catalina.core.StandardEngine    : Starting Servlet engine: [Apache Tomcat/10.1.43]
2025-08-16T18:58:28.057+02:00  INFO 2056 --- [studio] [restartedMain] o.a.c.c.C.[Tomcat].[localhost].[/]       : Initializing Spring embedded WebApplicationContext
2025-08-16T18:58:28.057+02:00  INFO 2056 --- [studio] [restartedMain] w.s.c.ServletWebServerApplicationContext : Root WebApplicationContext: initialization completed in 2116 ms
2025-08-16T18:58:28.140+02:00  WARN 2056 --- [studio] [restartedMain] ConfigServletWebServerApplicationContext : Exception encountered during context initialization - cancelling refresh attempt: org.springframework.beans.factory.BeanCreationException: Error creating bean with name 'entityManagerFactory' defined in class path resource [org/springframework/boot/autoconfigure/orm/jpa/HibernateJpaConfiguration.class]: Failed to initialize dependency 'dataSourceScriptDatabaseInitializer' of LoadTimeWeaverAware bean 'entityManagerFactory': Error creating bean with name 'dataSourceScriptDatabaseInitializer' defined in class path resource [org/springframework/boot/autoconfigure/sql/init/DataSourceInitializationConfiguration.class]: Unsatisfied dependency expressed through method 'dataSourceScriptDatabaseInitializer' parameter 0: Error creating bean with name 'dataSource' defined in class path resource [org/springframework/boot/autoconfigure/jdbc/DataSourceConfiguration$Hikari.class]: Failed to instantiate [com.zaxxer.hikari.HikariDataSource]: Factory method 'dataSource' threw exception with message: Failed to determine a suitable driver class
2025-08-16T18:58:28.144+02:00  INFO 2056 --- [studio] [restartedMain] o.apache.catalina.core.StandardService   : Stopping service [Tomcat]
2025-08-16T18:58:28.159+02:00  INFO 2056 --- [studio] [restartedMain] .s.b.a.l.ConditionEvaluationReportLogger : 

Error starting ApplicationContext. To display the condition evaluation report re-run your application with 'debug' enabled.
2025-08-16T18:58:28.188+02:00 ERROR 2056 --- [studio] [restartedMain] o.s.b.d.LoggingFailureAnalysisReporter   : 

***************************
APPLICATION FAILED TO START
***************************

Description:

Failed to configure a DataSource: 'url' attribute is not specified and no embedded datasource could be configured.

Reason: Failed to determine a suitable driver class


Action:

Consider the following:
	If you want an embedded database (H2, HSQL or Derby), please put it on the classpath.
	If you have database settings to be loaded from a particular profile you may need to activate it (the profiles prod are currently active).

